<?xml version="1.0" encoding="UTF-8"?>
<!-- Generated by org.testng.reporters.JUnitXMLReporter -->
<testsuite ignored="0" hostname="Villain" failures="1" tests="1" name="Test" time="12.751" errors="0" timestamp="2024-05-01T09:21:36 IST">
  <testcase classname="vTiger.organisationTest.toCreateOrganization" name="toCreateOrganizationTest_002" time="5.522">
    <failure type="java.lang.NullPointerException" message="Cannot invoke &amp;quot;org.apache.poi.ss.usermodel.Sheet.getRow(int)&amp;quot; because the return value of &amp;quot;org.apache.poi.ss.usermodel.Workbook.getSheet(String)&amp;quot; is null">
      <![CDATA[java.lang.NullPointerException: Cannot invoke "org.apache.poi.ss.usermodel.Sheet.getRow(int)" because the return value of "org.apache.poi.ss.usermodel.Workbook.getSheet(String)" is null
at vTiger.GenericUtility.ExcelFileUtiliy.toReadDataFromExcel(ExcelFileUtiliy.java:28)
at vTiger.organisationTest.toCreateOrganization.toCreateOrganizationTest_002(toCreateOrganization.java:33)
at java.base/java.util.ArrayList.forEach(ArrayList.java:1511)
... Removed 27 stack frames]]>
    </failure>
  </testcase> <!-- toCreateOrganizationTest_002 -->
</testsuite> <!-- Test -->
