<?xml version="1.0" encoding="UTF-8"?>
<testng-results ignored="0" total="1" passed="1" failed="0" skipped="0">
  <reporter-output>
    <line>
      <![CDATA[---Data base connection Estabilishes---]]>
    </line>
    <line>
      <![CDATA[Browser got launch]]>
    </line>
    <line>
      <![CDATA[navigated to login page]]>
    </line>
    <line>
      <![CDATA[login sucessfullt]]>
    </line>
    <line>
      <![CDATA[Navigated to contacts page]]>
    </line>
    <line>
      <![CDATA[Naviaged to xreate contacts page]]>
    </line>
    <line>
      <![CDATA[Naviagteted to contacts information page]]>
    </line>
    <line>
      <![CDATA[[ CON69 ] Kumar - Contact Informationcreate contacts succesfully]]>
    </line>
    <line>
      <![CDATA[[ CON69 ] Kumar - Contact Information failled to create contacts]]>
    </line>
    <line>
      <![CDATA[logout sucsessfully]]>
    </line>
    <line>
      <![CDATA[Browser closed secssesfully]]>
    </line>
    <line>
      <![CDATA[browser close sucsessfully]]>
    </line>
    <line>
      <![CDATA[---database connection disconnected--]]>
    </line>
  </reporter-output>
  <suite started-at="2024-09-08T10:39:04 IST" name="Default suite" finished-at="2024-09-08T10:40:05 IST" duration-ms="61553">
    <groups>
      <group name="Smoke">
        <method signature="toCreateContactTest.toCreateContactTest_001()[pri:0, instance:vTiger.ContactTests.toCreateContactTest@34a3d150]" name="toCreateContactTest_001" class="vTiger.ContactTests.toCreateContactTest"/>
      </group> <!-- Smoke -->
    </groups>
    <test started-at="2024-09-08T10:39:04 IST" name="Default test" finished-at="2024-09-08T10:40:05 IST" duration-ms="61553">
      <class name="vTiger.ContactTests.toCreateContactTest">
        <test-method is-config="true" signature="beforeSuiteConfig()[pri:0, instance:vTiger.ContactTests.toCreateContactTest@34a3d150]" started-at="2024-09-08T10:39:04 IST" name="beforeSuiteConfig" finished-at="2024-09-08T10:39:04 IST" duration-ms="14" status="PASS">
          <reporter-output>
            <line>
              <![CDATA[---Data base connection Estabilishes---]]>
            </line>
          </reporter-output>
        </test-method> <!-- beforeSuiteConfig -->
        <test-method is-config="true" signature="beforeClassConfig()[pri:0, instance:vTiger.ContactTests.toCreateContactTest@34a3d150]" started-at="2024-09-08T10:39:04 IST" name="beforeClassConfig" finished-at="2024-09-08T10:39:15 IST" duration-ms="11077" status="PASS">
          <reporter-output>
            <line>
              <![CDATA[Browser got launch]]>
            </line>
            <line>
              <![CDATA[navigated to login page]]>
            </line>
          </reporter-output>
        </test-method> <!-- beforeClassConfig -->
        <test-method is-config="true" signature="beforeMethodConfig()[pri:0, instance:vTiger.ContactTests.toCreateContactTest@34a3d150]" started-at="2024-09-08T10:39:15 IST" name="beforeMethodConfig" finished-at="2024-09-08T10:39:28 IST" duration-ms="12591" status="PASS">
          <reporter-output>
            <line>
              <![CDATA[login sucessfullt]]>
            </line>
          </reporter-output>
        </test-method> <!-- beforeMethodConfig -->
        <test-method signature="toCreateContactTest_001()[pri:0, instance:vTiger.ContactTests.toCreateContactTest@34a3d150]" started-at="2024-09-08T10:39:28 IST" name="toCreateContactTest_001" finished-at="2024-09-08T10:40:02 IST" duration-ms="34548" status="PASS">
          <reporter-output>
            <line>
              <![CDATA[Navigated to contacts page]]>
            </line>
            <line>
              <![CDATA[Naviaged to xreate contacts page]]>
            </line>
            <line>
              <![CDATA[Naviagteted to contacts information page]]>
            </line>
            <line>
              <![CDATA[[ CON69 ] Kumar - Contact Informationcreate contacts succesfully]]>
            </line>
            <line>
              <![CDATA[[ CON69 ] Kumar - Contact Information failled to create contacts]]>
            </line>
          </reporter-output>
        </test-method> <!-- toCreateContactTest_001 -->
        <test-method is-config="true" signature="afterMethodConfig()[pri:0, instance:vTiger.ContactTests.toCreateContactTest@34a3d150]" started-at="2024-09-08T10:40:02 IST" name="afterMethodConfig" finished-at="2024-09-08T10:40:05 IST" duration-ms="2705" status="PASS">
          <reporter-output>
            <line>
              <![CDATA[logout sucsessfully]]>
            </line>
          </reporter-output>
        </test-method> <!-- afterMethodConfig -->
        <test-method is-config="true" signature="afterClass()[pri:0, instance:vTiger.ContactTests.toCreateContactTest@34a3d150]" started-at="2024-09-08T10:40:05 IST" name="afterClass" finished-at="2024-09-08T10:40:05 IST" duration-ms="566" status="PASS">
          <reporter-output>
            <line>
              <![CDATA[Browser closed secssesfully]]>
            </line>
            <line>
              <![CDATA[browser close sucsessfully]]>
            </line>
          </reporter-output>
        </test-method> <!-- afterClass -->
        <test-method is-config="true" signature="afterSuitConfig()[pri:0, instance:vTiger.ContactTests.toCreateContactTest@34a3d150]" started-at="2024-09-08T10:40:05 IST" name="afterSuitConfig" finished-at="2024-09-08T10:40:05 IST" duration-ms="0" status="PASS">
          <reporter-output>
            <line>
              <![CDATA[---database connection disconnected--]]>
            </line>
          </reporter-output>
        </test-method> <!-- afterSuitConfig -->
      </class> <!-- vTiger.ContactTests.toCreateContactTest -->
    </test> <!-- Default test -->
  </suite> <!-- Default suite -->
</testng-results>
